<?xml version="1.0" encoding="UTF-8"?>
<testsuites>
  <testsuite name="" tests="25" assertions="91" failures="0" errors="0" time="13.091747">
    <testsuite name="album-zf2tutorial" tests="2" assertions="9" failures="0" errors="0" time="0.616035">
      <testsuite name="AlbumTest\Controller\AlbumControllerTest" file="D:\Dev\New\code\PHP\zf2-tutorial\zf2-tutorial\module\Album\test\AlbumTest\Controller\AlbumControllerTest.php" tests="2" assertions="9" failures="0" errors="0" time="0.616035">
        <testcase name="testIndexActionCanBeAccessed" class="AlbumTest\Controller\AlbumControllerTest" file="D:\Dev\New\code\PHP\zf2-tutorial\zf2-tutorial\module\Album\test\AlbumTest\Controller\AlbumControllerTest.php" line="20" assertions="6" time="0.311017"/>
        <testcase name="testAddActionRedirectsAfterValidPost" class="AlbumTest\Controller\AlbumControllerTest" file="D:\Dev\New\code\PHP\zf2-tutorial\zf2-tutorial\module\Album\test\AlbumTest\Controller\AlbumControllerTest.php" line="45" assertions="3" time="0.305018"/>
      </testsuite>
    </testsuite>
    <testsuite name="blog-zf2tutorial" tests="23" assertions="82" failures="0" errors="0" time="12.475712">
      <testsuite name="BlogTest\Entity\PostTest" file="D:\Dev\New\code\PHP\zf2-tutorial\zf2-tutorial\module\Blog\test\BlogTest\Entity\PostTest.php" tests="1" assertions="4" failures="0" errors="0" time="0.006000">
        <testcase name="testPostInitialStateShouldbeNull" class="BlogTest\Entity\PostTest" file="D:\Dev\New\code\PHP\zf2-tutorial\zf2-tutorial\module\Blog\test\BlogTest\Entity\PostTest.php" line="7" assertions="4" time="0.006000"/>
      </testsuite>
      <testsuite name="BlogTest\Form\PostFormTest" file="D:\Dev\New\code\PHP\zf2-tutorial\zf2-tutorial\module\Blog\test\BlogTest\Form\PostFormTest.php" tests="3" assertions="15" failures="0" errors="0" time="1.288073">
        <testcase name="testFormElementsAreSetCorrectly" class="BlogTest\Form\PostFormTest" file="D:\Dev\New\code\PHP\zf2-tutorial\zf2-tutorial\module\Blog\test\BlogTest\Form\PostFormTest.php" line="23" assertions="10" time="0.421024"/>
        <testcase name="testInputFilterIsSetCorrectly" class="BlogTest\Form\PostFormTest" file="D:\Dev\New\code\PHP\zf2-tutorial\zf2-tutorial\module\Blog\test\BlogTest\Form\PostFormTest.php" line="44" assertions="3" time="0.342019"/>
        <testcase name="testFormValidation" class="BlogTest\Form\PostFormTest" file="D:\Dev\New\code\PHP\zf2-tutorial\zf2-tutorial\module\Blog\test\BlogTest\Form\PostFormTest.php" line="55" assertions="2" time="0.525030"/>
      </testsuite>
      <testsuite name="BlogTest\Factory\FactoryClassTest" file="D:\Dev\New\code\PHP\zf2-tutorial\zf2-tutorial\module\Blog\test\BlogTest\Factory\FactoryClassTest.php" tests="3" assertions="7" failures="0" errors="0" time="1.110064">
        <testcase name="testPostServiceIsCreated" class="BlogTest\Factory\FactoryClassTest" file="D:\Dev\New\code\PHP\zf2-tutorial\zf2-tutorial\module\Blog\test\BlogTest\Factory\FactoryClassTest.php" line="23" assertions="2" time="0.377022"/>
        <testcase name="testPostFormIsCreated" class="BlogTest\Factory\FactoryClassTest" file="D:\Dev\New\code\PHP\zf2-tutorial\zf2-tutorial\module\Blog\test\BlogTest\Factory\FactoryClassTest.php" line="29" assertions="3" time="0.330019"/>
        <testcase name="testWriteControllerIsCreated" class="BlogTest\Factory\FactoryClassTest" file="D:\Dev\New\code\PHP\zf2-tutorial\zf2-tutorial\module\Blog\test\BlogTest\Factory\FactoryClassTest.php" line="37" assertions="2" time="0.403023"/>
      </testsuite>
      <testsuite name="BlogTest\Services\PostServiceTest" file="D:\Dev\New\code\PHP\zf2-tutorial\zf2-tutorial\module\Blog\test\BlogTest\Services\PostServiceTest.php" tests="4" assertions="10" failures="0" errors="0" time="1.795103">
        <testcase name="testSavePost" class="BlogTest\Services\PostServiceTest" file="D:\Dev\New\code\PHP\zf2-tutorial\zf2-tutorial\module\Blog\test\BlogTest\Services\PostServiceTest.php" line="23" assertions="3" time="0.421024"/>
        <testcase name="testFindAllPost" class="BlogTest\Services\PostServiceTest" file="D:\Dev\New\code\PHP\zf2-tutorial\zf2-tutorial\module\Blog\test\BlogTest\Services\PostServiceTest.php" line="44" assertions="3" time="0.470027"/>
        <testcase name="testFindPost" class="BlogTest\Services\PostServiceTest" file="D:\Dev\New\code\PHP\zf2-tutorial\zf2-tutorial\module\Blog\test\BlogTest\Services\PostServiceTest.php" line="57" assertions="3" time="0.423024"/>
        <testcase name="testDeletePost" class="BlogTest\Services\PostServiceTest" file="D:\Dev\New\code\PHP\zf2-tutorial\zf2-tutorial\module\Blog\test\BlogTest\Services\PostServiceTest.php" line="71" assertions="1" time="0.481028"/>
      </testsuite>
      <testsuite name="BlogTest\Controller\ListControllerTest" file="D:\Dev\New\code\PHP\zf2-tutorial\zf2-tutorial\module\Blog\test\BlogTest\Controller\ListControllerTest.php" tests="3" assertions="12" failures="0" errors="0" time="1.227071">
        <testcase name="testIndexActionIsAccessible" class="BlogTest\Controller\ListControllerTest" file="D:\Dev\New\code\PHP\zf2-tutorial\zf2-tutorial\module\Blog\test\BlogTest\Controller\ListControllerTest.php" line="16" assertions="6" time="0.464027"/>
        <testcase name="testDetailActionRedirectAfterPostNotFound" class="BlogTest\Controller\ListControllerTest" file="D:\Dev\New\code\PHP\zf2-tutorial\zf2-tutorial\module\Blog\test\BlogTest\Controller\ListControllerTest.php" line="29" assertions="3" time="0.342020"/>
        <testcase name="testDetailActionIsAccessible" class="BlogTest\Controller\ListControllerTest" file="D:\Dev\New\code\PHP\zf2-tutorial\zf2-tutorial\module\Blog\test\BlogTest\Controller\ListControllerTest.php" line="37" assertions="3" time="0.421024"/>
      </testsuite>
      <testsuite name="BlogTest\Controller\WriteControllerTest" file="D:\Dev\New\code\PHP\zf2-tutorial\zf2-tutorial\module\Blog\test\BlogTest\Controller\WriteControllerTest.php" tests="9" assertions="34" failures="0" errors="0" time="7.049401">
        <testcase name="testAddActionFormIsDisplayed" class="BlogTest\Controller\WriteControllerTest" file="D:\Dev\New\code\PHP\zf2-tutorial\zf2-tutorial\module\Blog\test\BlogTest\Controller\WriteControllerTest.php" line="22" assertions="4" time="0.808046"/>
        <testcase name="testAddActionFormDataWasSaved" class="BlogTest\Controller\WriteControllerTest" file="D:\Dev\New\code\PHP\zf2-tutorial\zf2-tutorial\module\Blog\test\BlogTest\Controller\WriteControllerTest.php" line="69" assertions="4" time="0.777044"/>
        <testcase name="testEditActionRedirectWithInavaliPostId" class="BlogTest\Controller\WriteControllerTest" file="D:\Dev\New\code\PHP\zf2-tutorial\zf2-tutorial\module\Blog\test\BlogTest\Controller\WriteControllerTest.php" line="100" assertions="2" time="0.763044"/>
        <testcase name="testEditActionFormIsDisplayedWithData" class="BlogTest\Controller\WriteControllerTest" file="D:\Dev\New\code\PHP\zf2-tutorial\zf2-tutorial\module\Blog\test\BlogTest\Controller\WriteControllerTest.php" line="108" assertions="5" time="0.902051"/>
        <testcase name="testEditActionFormDataWasUpdate" class="BlogTest\Controller\WriteControllerTest" file="D:\Dev\New\code\PHP\zf2-tutorial\zf2-tutorial\module\Blog\test\BlogTest\Controller\WriteControllerTest.php" line="129" assertions="4" time="0.865049"/>
        <testcase name="testDeleteActionRedirectWithInavaliPostId" class="BlogTest\Controller\WriteControllerTest" file="D:\Dev\New\code\PHP\zf2-tutorial\zf2-tutorial\module\Blog\test\BlogTest\Controller\WriteControllerTest.php" line="165" assertions="2" time="0.867049"/>
        <testcase name="testDeleteActionConfirmationFormIsDisplayed" class="BlogTest\Controller\WriteControllerTest" file="D:\Dev\New\code\PHP\zf2-tutorial\zf2-tutorial\module\Blog\test\BlogTest\Controller\WriteControllerTest.php" line="173" assertions="5" time="0.711040"/>
        <testcase name="testDeleteActionPostDeleted" class="BlogTest\Controller\WriteControllerTest" file="D:\Dev\New\code\PHP\zf2-tutorial\zf2-tutorial\module\Blog\test\BlogTest\Controller\WriteControllerTest.php" line="195" assertions="4" time="0.664038"/>
        <testcase name="testDeleteActionPostDeletingCanceled" class="BlogTest\Controller\WriteControllerTest" file="D:\Dev\New\code\PHP\zf2-tutorial\zf2-tutorial\module\Blog\test\BlogTest\Controller\WriteControllerTest.php" line="224" assertions="4" time="0.692040"/>
      </testsuite>
    </testsuite>
  </testsuite>
</testsuites>
