<?xml version="1.0" encoding="UTF-8"?>
<testsuites>
  <testsuite name="./module/Album/test/AlbumTest" tests="2" assertions="9" failures="0" errors="0" time="0.647036">
    <testsuite name="AlbumTest\Controller\AlbumControllerTest" file="D:\Dev\New\code\PHP\zf2-tutorial\zf2-tutorial\module\Album\test\AlbumTest\Controller\AlbumControllerTest.php" tests="2" assertions="9" failures="0" errors="0" time="0.647036">
      <testcase name="testIndexActionCanBeAccessed" class="AlbumTest\Controller\AlbumControllerTest" file="D:\Dev\New\code\PHP\zf2-tutorial\zf2-tutorial\module\Album\test\AlbumTest\Controller\AlbumControllerTest.php" line="20" assertions="6" time="0.327018"/>
      <testcase name="testAddActionRedirectsAfterValidPost" class="AlbumTest\Controller\AlbumControllerTest" file="D:\Dev\New\code\PHP\zf2-tutorial\zf2-tutorial\module\Album\test\AlbumTest\Controller\AlbumControllerTest.php" line="45" assertions="3" time="0.320018"/>
    </testsuite>
  </testsuite>
</testsuites>
