<?xml version="1.0" encoding="UTF-8"?>
<testsuites>
  <testsuite name="" tests="25" assertions="91" failures="0" errors="0" time="14.023799">
    <testsuite name="album-zf2tutorial" tests="2" assertions="9" failures="0" errors="0" time="0.668038">
      <testsuite name="AlbumTest\Controller\AlbumControllerTest" file="D:\Dev\New\code\PHP\zf2-tutorial\zf2-tutorial\module\Album\test\AlbumTest\Controller\AlbumControllerTest.php" tests="2" assertions="9" failures="0" errors="0" time="0.668038">
        <testcase name="testIndexActionCanBeAccessed" class="AlbumTest\Controller\AlbumControllerTest" file="D:\Dev\New\code\PHP\zf2-tutorial\zf2-tutorial\module\Album\test\AlbumTest\Controller\AlbumControllerTest.php" line="20" assertions="6" time="0.332019"/>
        <testcase name="testAddActionRedirectsAfterValidPost" class="AlbumTest\Controller\AlbumControllerTest" file="D:\Dev\New\code\PHP\zf2-tutorial\zf2-tutorial\module\Album\test\AlbumTest\Controller\AlbumControllerTest.php" line="45" assertions="3" time="0.336019"/>
      </testsuite>
    </testsuite>
    <testsuite name="blog-zf2tutorial" tests="23" assertions="82" failures="0" errors="0" time="13.355761">
      <testsuite name="BlogTest\Entity\PostTest" file="D:\Dev\New\code\PHP\zf2-tutorial\zf2-tutorial\module\Blog\test\BlogTest\Entity\PostTest.php" tests="1" assertions="4" failures="0" errors="0" time="0.006001">
        <testcase name="testPostInitialStateShouldbeNull" class="BlogTest\Entity\PostTest" file="D:\Dev\New\code\PHP\zf2-tutorial\zf2-tutorial\module\Blog\test\BlogTest\Entity\PostTest.php" line="7" assertions="4" time="0.006001"/>
      </testsuite>
      <testsuite name="BlogTest\Form\PostFormTest" file="D:\Dev\New\code\PHP\zf2-tutorial\zf2-tutorial\module\Blog\test\BlogTest\Form\PostFormTest.php" tests="3" assertions="15" failures="0" errors="0" time="1.342076">
        <testcase name="testFormElementsAreSetCorrectly" class="BlogTest\Form\PostFormTest" file="D:\Dev\New\code\PHP\zf2-tutorial\zf2-tutorial\module\Blog\test\BlogTest\Form\PostFormTest.php" line="23" assertions="10" time="0.466026"/>
        <testcase name="testInputFilterIsSetCorrectly" class="BlogTest\Form\PostFormTest" file="D:\Dev\New\code\PHP\zf2-tutorial\zf2-tutorial\module\Blog\test\BlogTest\Form\PostFormTest.php" line="44" assertions="3" time="0.367021"/>
        <testcase name="testFormValidation" class="BlogTest\Form\PostFormTest" file="D:\Dev\New\code\PHP\zf2-tutorial\zf2-tutorial\module\Blog\test\BlogTest\Form\PostFormTest.php" line="55" assertions="2" time="0.509029"/>
      </testsuite>
      <testsuite name="BlogTest\Factory\FactoryClassTest" file="D:\Dev\New\code\PHP\zf2-tutorial\zf2-tutorial\module\Blog\test\BlogTest\Factory\FactoryClassTest.php" tests="3" assertions="7" failures="0" errors="0" time="1.185068">
        <testcase name="testPostServiceIsCreated" class="BlogTest\Factory\FactoryClassTest" file="D:\Dev\New\code\PHP\zf2-tutorial\zf2-tutorial\module\Blog\test\BlogTest\Factory\FactoryClassTest.php" line="23" assertions="2" time="0.406023"/>
        <testcase name="testPostFormIsCreated" class="BlogTest\Factory\FactoryClassTest" file="D:\Dev\New\code\PHP\zf2-tutorial\zf2-tutorial\module\Blog\test\BlogTest\Factory\FactoryClassTest.php" line="29" assertions="3" time="0.345020"/>
        <testcase name="testWriteControllerIsCreated" class="BlogTest\Factory\FactoryClassTest" file="D:\Dev\New\code\PHP\zf2-tutorial\zf2-tutorial\module\Blog\test\BlogTest\Factory\FactoryClassTest.php" line="37" assertions="2" time="0.434025"/>
      </testsuite>
      <testsuite name="BlogTest\Services\PostServiceTest" file="D:\Dev\New\code\PHP\zf2-tutorial\zf2-tutorial\module\Blog\test\BlogTest\Services\PostServiceTest.php" tests="4" assertions="10" failures="0" errors="0" time="1.856106">
        <testcase name="testSavePost" class="BlogTest\Services\PostServiceTest" file="D:\Dev\New\code\PHP\zf2-tutorial\zf2-tutorial\module\Blog\test\BlogTest\Services\PostServiceTest.php" line="23" assertions="3" time="0.439025"/>
        <testcase name="testFindAllPost" class="BlogTest\Services\PostServiceTest" file="D:\Dev\New\code\PHP\zf2-tutorial\zf2-tutorial\module\Blog\test\BlogTest\Services\PostServiceTest.php" line="44" assertions="3" time="0.507029"/>
        <testcase name="testFindPost" class="BlogTest\Services\PostServiceTest" file="D:\Dev\New\code\PHP\zf2-tutorial\zf2-tutorial\module\Blog\test\BlogTest\Services\PostServiceTest.php" line="57" assertions="3" time="0.454026"/>
        <testcase name="testDeletePost" class="BlogTest\Services\PostServiceTest" file="D:\Dev\New\code\PHP\zf2-tutorial\zf2-tutorial\module\Blog\test\BlogTest\Services\PostServiceTest.php" line="71" assertions="1" time="0.456026"/>
      </testsuite>
      <testsuite name="BlogTest\Controller\ListControllerTest" file="D:\Dev\New\code\PHP\zf2-tutorial\zf2-tutorial\module\Blog\test\BlogTest\Controller\ListControllerTest.php" tests="3" assertions="12" failures="0" errors="0" time="1.248070">
        <testcase name="testIndexActionIsAccessible" class="BlogTest\Controller\ListControllerTest" file="D:\Dev\New\code\PHP\zf2-tutorial\zf2-tutorial\module\Blog\test\BlogTest\Controller\ListControllerTest.php" line="16" assertions="6" time="0.465026"/>
        <testcase name="testDetailActionRedirectAfterPostNotFound" class="BlogTest\Controller\ListControllerTest" file="D:\Dev\New\code\PHP\zf2-tutorial\zf2-tutorial\module\Blog\test\BlogTest\Controller\ListControllerTest.php" line="29" assertions="3" time="0.362020"/>
        <testcase name="testDetailActionIsAccessible" class="BlogTest\Controller\ListControllerTest" file="D:\Dev\New\code\PHP\zf2-tutorial\zf2-tutorial\module\Blog\test\BlogTest\Controller\ListControllerTest.php" line="37" assertions="3" time="0.421024"/>
      </testsuite>
      <testsuite name="BlogTest\Controller\WriteControllerTest" file="D:\Dev\New\code\PHP\zf2-tutorial\zf2-tutorial\module\Blog\test\BlogTest\Controller\WriteControllerTest.php" tests="9" assertions="34" failures="0" errors="0" time="7.718440">
        <testcase name="testAddActionFormIsDisplayed" class="BlogTest\Controller\WriteControllerTest" file="D:\Dev\New\code\PHP\zf2-tutorial\zf2-tutorial\module\Blog\test\BlogTest\Controller\WriteControllerTest.php" line="22" assertions="4" time="0.864050"/>
        <testcase name="testAddActionFormDataWasSaved" class="BlogTest\Controller\WriteControllerTest" file="D:\Dev\New\code\PHP\zf2-tutorial\zf2-tutorial\module\Blog\test\BlogTest\Controller\WriteControllerTest.php" line="69" assertions="4" time="0.814046"/>
        <testcase name="testEditActionRedirectWithInavaliPostId" class="BlogTest\Controller\WriteControllerTest" file="D:\Dev\New\code\PHP\zf2-tutorial\zf2-tutorial\module\Blog\test\BlogTest\Controller\WriteControllerTest.php" line="100" assertions="2" time="0.822047"/>
        <testcase name="testEditActionFormIsDisplayedWithData" class="BlogTest\Controller\WriteControllerTest" file="D:\Dev\New\code\PHP\zf2-tutorial\zf2-tutorial\module\Blog\test\BlogTest\Controller\WriteControllerTest.php" line="108" assertions="5" time="0.994057"/>
        <testcase name="testEditActionFormDataWasUpdate" class="BlogTest\Controller\WriteControllerTest" file="D:\Dev\New\code\PHP\zf2-tutorial\zf2-tutorial\module\Blog\test\BlogTest\Controller\WriteControllerTest.php" line="129" assertions="4" time="1.000057"/>
        <testcase name="testDeleteActionRedirectWithInavaliPostId" class="BlogTest\Controller\WriteControllerTest" file="D:\Dev\New\code\PHP\zf2-tutorial\zf2-tutorial\module\Blog\test\BlogTest\Controller\WriteControllerTest.php" line="165" assertions="2" time="0.986056"/>
        <testcase name="testDeleteActionConfirmationFormIsDisplayed" class="BlogTest\Controller\WriteControllerTest" file="D:\Dev\New\code\PHP\zf2-tutorial\zf2-tutorial\module\Blog\test\BlogTest\Controller\WriteControllerTest.php" line="173" assertions="5" time="0.769044"/>
        <testcase name="testDeleteActionPostDeleted" class="BlogTest\Controller\WriteControllerTest" file="D:\Dev\New\code\PHP\zf2-tutorial\zf2-tutorial\module\Blog\test\BlogTest\Controller\WriteControllerTest.php" line="195" assertions="4" time="0.725041"/>
        <testcase name="testDeleteActionPostDeletingCanceled" class="BlogTest\Controller\WriteControllerTest" file="D:\Dev\New\code\PHP\zf2-tutorial\zf2-tutorial\module\Blog\test\BlogTest\Controller\WriteControllerTest.php" line="224" assertions="4" time="0.744042"/>
      </testsuite>
    </testsuite>
  </testsuite>
</testsuites>
